<?xml version="1.0" encoding="UTF-8"?>
<!-- Generated by org.testng.reporters.JUnitReportReporter -->
<testsuite hostname="DESKTOP-5EVK54D" failures="0" tests="1" name="testngdiscussion.Annotations2" time="0.012" errors="0" timestamp="2023-06-15T20:53:23 IST" skipped="0">
  <testcase classname="testngdiscussion.Annotations2" name="testCase3" time="0.012"/>
  <system-out/>
</testsuite> <!-- testngdiscussion.Annotations2 -->
