<?xml version="1.0" encoding="UTF-8"?>
<!-- Generated by org.testng.reporters.JUnitReportReporter -->
<testsuite hostname="DESKTOP-5EVK54D" failures="0" tests="3" name="testngdiscussion.ParallelTestCaseExecution" time="0.075" errors="0" timestamp="2023-06-21T20:13:55 IST" skipped="0">
  <testcase classname="testngdiscussion.ParallelTestCaseExecution" name="testCase2" time="0.025"/>
  <system-out/>
  <testcase classname="testngdiscussion.ParallelTestCaseExecution" name="testCase3" time="0.025"/>
  <system-out/>
  <testcase classname="testngdiscussion.ParallelTestCaseExecution" name="testCase1" time="0.025"/>
  <system-out/>
</testsuite> <!-- testngdiscussion.ParallelTestCaseExecution -->
