<?xml version="1.0" encoding="UTF-8"?>
<!-- Generated by org.testng.reporters.JUnitReportReporter -->
<testsuite hostname="DESKTOP-5EVK54D" failures="0" tests="4" name="testngdiscussion.EnablingTestCase" time="0.022" errors="0" timestamp="2023-06-12T21:12:15 IST" skipped="1">
  <testcase classname="testngdiscussion.EnablingTestCase" name="login" time="0.003"/>
  <system-out/>
  <testcase classname="testngdiscussion.EnablingTestCase" name="home" time="0.016"/>
  <system-out/>
  <testcase classname="testngdiscussion.EnablingTestCase" name="logout" time="0.003"/>
  <system-out/>
  <testcase classname="testngdiscussion.EnablingTestCase" name="profile">
    <skipped/>
  </testcase> <!-- profile -->
  <system-out/>
</testsuite> <!-- testngdiscussion.EnablingTestCase -->
