<?xml version="1.0" encoding="UTF-8"?>
<!-- Generated by org.testng.reporters.JUnitReportReporter -->
<testsuite hostname="DESKTOP-5EVK54D" failures="0" tests="2" name="testngdiscussion.TestCase" time="0.020" errors="0" timestamp="2023-06-12T20:35:41 IST" skipped="0">
  <testcase classname="testngdiscussion.TestCase" name="testCase1" time="0.017"/>
  <system-out/>
  <testcase classname="testngdiscussion.TestCase" name="testCase2" time="0.003"/>
  <system-out/>
</testsuite> <!-- testngdiscussion.TestCase -->
