<?xml version="1.0" encoding="UTF-8"?>
<!-- Generated by org.testng.reporters.JUnitReportReporter -->
<testsuite hostname="DESKTOP-5EVK54D" failures="0" tests="4" name="testclass.ProductTest" time="6.811" errors="0" timestamp="2023-06-20T21:17:52 IST" skipped="0">
  <testcase classname="testclass.ProductTest" name="validateFilter" time="1.004"/>
  <system-out/>
  <testcase classname="testclass.ProductTest" name="resetFilterValidation" time="0.576"/>
  <system-out/>
  <testcase classname="testclass.ProductTest" name="sortingFilter" time="3.085"/>
  <system-out/>
  <testcase classname="testclass.ProductTest" name="navToProduct" time="2.146"/>
  <system-out/>
</testsuite> <!-- testclass.ProductTest -->
