<?xml version="1.0" encoding="UTF-8"?>
<!-- Generated by org.testng.reporters.JUnitReportReporter -->
<testsuite hostname="DESKTOP-5EVK54D" failures="0" tests="2" name="testclass.HomeTest" time="1.004" errors="0" timestamp="2023-06-20T21:17:52 IST" skipped="0">
  <testcase classname="testclass.HomeTest" name="validateTitle" time="0.027"/>
  <system-out/>
  <testcase classname="testclass.HomeTest" name="navToSingleMalt" time="0.977"/>
  <system-out/>
</testsuite> <!-- testclass.HomeTest -->
