<?xml version="1.0" encoding="UTF-8"?>
<!-- Generated by org.testng.reporters.JUnitReportReporter -->
<testsuite hostname="DESKTOP-5EVK54D" failures="0" tests="5" name="testngdiscussion.InvocationCountKeyword" time="0.082" errors="0" timestamp="2023-06-12T21:03:02 IST" skipped="0">
  <testcase classname="testngdiscussion.InvocationCountKeyword" name="testCase" time="0.011"/>
  <system-out/>
  <testcase classname="testngdiscussion.InvocationCountKeyword" name="testCase" time="0.010"/>
  <system-out/>
  <testcase classname="testngdiscussion.InvocationCountKeyword" name="testCase" time="0.041"/>
  <system-out/>
  <testcase classname="testngdiscussion.InvocationCountKeyword" name="testCase" time="0.012"/>
  <system-out/>
  <testcase classname="testngdiscussion.InvocationCountKeyword" name="testCase" time="0.008"/>
  <system-out/>
</testsuite> <!-- testngdiscussion.InvocationCountKeyword -->
