<?xml version="1.0" encoding="UTF-8"?>
<!-- Generated by org.testng.reporters.JUnitReportReporter -->
<testsuite hostname="DESKTOP-5EVK54D" failures="0" tests="1" name="testngdiscussion.ParallelClassExecution1" time="12.819" errors="0" timestamp="2023-06-21T20:27:34 IST" skipped="0">
  <testcase classname="testngdiscussion.ParallelClassExecution1" name="sliderValidation" time="12.819"/>
  <system-out/>
</testsuite> <!-- testngdiscussion.ParallelClassExecution1 -->
