<?xml version="1.0" encoding="UTF-8"?>
<!-- Generated by org.testng.reporters.JUnitReportReporter -->
<testsuite hostname="DESKTOP-5EVK54D" failures="0" tests="2" name="testngdiscussion.ParametersInTestNG" time="16.392" errors="0" timestamp="2023-06-17T20:37:03 IST" skipped="0">
  <testcase classname="testngdiscussion.ParametersInTestNG" name="redirectToApplication" time="8.548"/>
  <system-out/>
  <testcase classname="testngdiscussion.ParametersInTestNG" name="launchBrowser" time="7.844"/>
  <system-out/>
</testsuite> <!-- testngdiscussion.ParametersInTestNG -->
