<?xml version="1.0" encoding="UTF-8"?>
<!-- Generated by org.testng.reporters.JUnitReportReporter -->
<testsuite hostname="DESKTOP-5EVK54D" failures="0" tests="2" name="testngdiscussion.ExecutingTestCaseOnChromeAndFirefox" time="20.674" errors="0" timestamp="2023-06-18T20:12:36 IST" skipped="0">
  <testcase classname="testngdiscussion.ExecutingTestCaseOnChromeAndFirefox" name="searchProduct" time="8.720"/>
  <system-out/>
  <testcase classname="testngdiscussion.ExecutingTestCaseOnChromeAndFirefox" name="searchProduct" time="11.954"/>
  <system-out/>
</testsuite> <!-- testngdiscussion.ExecutingTestCaseOnChromeAndFirefox -->
