<?xml version="1.0" encoding="UTF-8"?>
<!-- Generated by org.testng.reporters.JUnitReportReporter -->
<testsuite hostname="DESKTOP-5EVK54D" failures="0" tests="2" name="testngdiscussion.ListenersTest" time="9.218" errors="0" timestamp="2023-06-17T21:04:08 IST" skipped="0">
  <testcase classname="testngdiscussion.ListenersTest" name="redirectToUrl" time="7.553"/>
  <system-out/>
  <testcase classname="testngdiscussion.ListenersTest" name="searchProduct" time="1.665"/>
  <system-out/>
</testsuite> <!-- testngdiscussion.ListenersTest -->
