<?xml version="1.0" encoding="UTF-8"?>
<!-- Generated by org.testng.reporters.JUnitReportReporter -->
<testsuite hostname="DESKTOP-5EVK54D" failures="0" tests="1" name="testngdiscussion.GroupingTestCase2" time="0.004" errors="0" timestamp="2023-06-17T20:13:52 IST" skipped="0">
  <testcase classname="testngdiscussion.GroupingTestCase2" name="payment" time="0.004"/>
  <system-out/>
</testsuite> <!-- testngdiscussion.GroupingTestCase2 -->
