<?xml version="1.0" encoding="UTF-8"?>
<!-- Generated by org.testng.reporters.JUnitReportReporter -->
<testsuite hostname="DESKTOP-5EVK54D" failures="0" tests="4" name="testngdiscussion.Features" time="0.032" errors="0" timestamp="2023-06-12T20:46:09 IST" skipped="0">
  <testcase classname="testngdiscussion.Features" name="home" time="0.019"/>
  <system-out/>
  <testcase classname="testngdiscussion.Features" name="logout" time="0.004"/>
  <system-out/>
  <testcase classname="testngdiscussion.Features" name="login" time="0.007"/>
  <system-out/>
  <testcase classname="testngdiscussion.Features" name="profile" time="0.002"/>
  <system-out/>
</testsuite> <!-- testngdiscussion.Features -->
