<?xml version="1.0" encoding="UTF-8"?>
<!-- Generated by org.testng.reporters.JUnitReportReporter -->
<testsuite hostname="DESKTOP-5EVK54D" failures="0" tests="2" name="testngdiscussion.DependsOnMethods2" time="0.003" errors="0" timestamp="2023-06-16T20:34:58 IST" skipped="1">
  <testcase classname="testngdiscussion.DependsOnMethods2" name="uploadImage" time="0.003"/>
  <system-out/>
  <testcase classname="testngdiscussion.DependsOnMethods2" name="editProfile" time="0.000">
    <skipped/>
  </testcase> <!-- editProfile -->
  <system-out/>
</testsuite> <!-- testngdiscussion.DependsOnMethods2 -->
